<?xml version="1.0" encoding="UTF-8"?>
<testng-results ignored="0" total="1" passed="1" failed="0" skipped="0">
  <reporter-output>
  </reporter-output>
  <suite started-at="2023-12-21T11:12:21 IST" name="Default suite" finished-at="2023-12-21T11:12:47 IST" duration-ms="25931">
    <groups>
      <group name="regression">
        <method signature="LoginTest.verifyLogIn(java.lang.String,java.lang.String)[pri:0, instance:test.LoginTest@1aa7ecca]" name="verifyLogIn" class="test.LoginTest"/>
      </group> <!-- regression -->
      <group name="sanity">
        <method signature="LoginTest.verifyLogIn(java.lang.String,java.lang.String)[pri:0, instance:test.LoginTest@1aa7ecca]" name="verifyLogIn" class="test.LoginTest"/>
      </group> <!-- sanity -->
    </groups>
    <test started-at="2023-12-21T11:12:21 IST" name="Default test" finished-at="2023-12-21T11:12:47 IST" duration-ms="25931">
      <class name="test.LoginTest">
        <test-method is-config="true" signature="beforeMethod(java.lang.String)[pri:0, instance:test.LoginTest@1aa7ecca]" started-at="2023-12-21T11:12:22 IST" name="beforeMethod" finished-at="2023-12-21T11:12:42 IST" duration-ms="20014" status="PASS">
          <params>
            <param index="0">
              <value>
                <![CDATA[chrome]]>
              </value>
            </param>
          </params>
          <reporter-output>
          </reporter-output>
        </test-method> <!-- beforeMethod -->
        <test-method signature="verifyLogIn(java.lang.String,java.lang.String)[pri:0, instance:test.LoginTest@1aa7ecca]" started-at="2023-12-21T11:12:42 IST" name="verifyLogIn" data-provider="dp" finished-at="2023-12-21T11:12:46 IST" duration-ms="4043" status="PASS">
          <params>
            <param index="0">
              <value>
                <![CDATA[admin@admin.com]]>
              </value>
            </param>
            <param index="1">
              <value>
                <![CDATA[12345678]]>
              </value>
            </param>
          </params>
          <reporter-output>
          </reporter-output>
        </test-method> <!-- verifyLogIn -->
        <test-method is-config="true" signature="takeScreenShotOnFailure(org.testng.ITestResult)[pri:0, instance:test.LoginTest@1aa7ecca]" started-at="2023-12-21T11:12:47 IST" name="takeScreenShotOnFailure" finished-at="2023-12-21T11:12:47 IST" duration-ms="14" status="PASS">
          <params>
            <param index="0">
              <value>
                <![CDATA[[TestResult name=verifyLogIn status=SUCCESS method=LoginTest.verifyLogIn(java.lang.String,java.lang.String)[pri:0, instance:test.LoginTest@1aa7ecca] output={null}]]]>
              </value>
            </param>
          </params>
          <reporter-output>
          </reporter-output>
        </test-method> <!-- takeScreenShotOnFailure -->
      </class> <!-- test.LoginTest -->
    </test> <!-- Default test -->
  </suite> <!-- Default suite -->
</testng-results>
